Traceback (most recent call last):
  File "/Users/gc3045/scmail_v1/LAML/run_laml2.py", line 312, in <module>
    main()
  File "/Users/gc3045/scmail_v1/LAML/run_laml2.py", line 270, in main
    opt_trees,max_score,opt_params = myTopoSearch.search(resolve_polytomies=resolve_polytomies,maxiter=args["maxIters"], verbose=args["verbose"], strategy=my_strategy, nreps=args['randomreps'],checkpoint_file=checkpoint_file) 
  File "/Users/gc3045/scmail_v1/LAML/laml_libs/TopoSearch/Topology_search.py", line 111, in search
    trees,score,params = self.__search_one(strategy,maxiter=maxiter,verbose=verbose,only_marked=False,checkpoint_file=checkpoint_file)
  File "/Users/gc3045/scmail_v1/LAML/laml_libs/TopoSearch/Topology_search.py", line 144, in __search_one
    curr_score,status = mySolver.score_tree(strategy=score_tree_strategy)
  File "/Users/gc3045/scmail_v1/LAML/laml_libs/Count_model/Base_model.py", line 80, in score_tree
    nllh,status = self.optimize('EM',initials=1,verbose=-1,ultra_constr=ultra_constr,fixed_params=fixed_params,
  File "/Users/gc3045/scmail_v1/LAML/laml_libs/Count_model/Base_model.py", line 381, in optimize
    nllh,status = self.EM_optimization(randseed,verbose=verbose,fixed_params=fixed_params,ultra_constr=ultra_constr,EM_options=EM_options)
  File "/Users/gc3045/scmail_v1/LAML/laml_libs/Count_model/Base_model.py", line 686, in EM_optimization
    pre_llh = self.llh_DLT_data()
  File "/Users/gc3045/scmail_v1/LAML/laml_libs/Count_model/Base_model.py", line 260, in llh_DLT_data
    trans_p = self.Gamma(k,x,c) # transition probability
  File "/Users/gc3045/scmail_v1/LAML/laml_libs/Count_model/PMMC_model.py", line 58, in Gamma
    N += c[y]
TypeError: unsupported operand type(s) for +=: 'int' and 'NoneType'
Launching LAML version 2.0.0
LAML was called as follows: /Users/gc3045/scmail_v1/LAML/run_laml2.py -c examples/example5/TLS_Bar8.json -t examples/example5/Bar8_newick_noMutationlessEdges_Labeled.nwk -p uniform -m -1 --readout_model PMMC -o output_example5/LAML2_Bar8_test -v -s 3 --topology_search
Detected polytomies in the input trees.
Flag --keep_polytomies is off. All polytomies will be resolved.
Starting topology search
Running topology search sequentially...
Performing nni-search 1
Perform nni moves for full topology search
Found polytomies in the input tree(s). Arbitrarily resolving them to obtain fully resolved initial tree(s).
