Launching LAML version 2.0.0
LAML was called as follows: ../../run_laml2.py -c character_matrix.csv -t starting.tree -p priors.csv -o LAML2_example2 --nInitials 1 --randomreps 1 --topology_search -v --timescale 10 --readout_model PMMN
Setup finished. Beginning computation...
No polytomy detected.
Starting topology search
Running topology search sequentially...
Performing nni-search 1
Perform nni moves for full topology search
Initial score: -1171.249826290052
NNI Iter: 0
Number of trees checked 4
Runtime (s): 5.012241749999994
Current score: -1173.038359322139
NNI Iter: 1
Number of trees checked 2
Runtime (s): 3.702914958000001
Current score: -1172.9827591325584
NNI Iter: 2
Number of trees checked 14
Runtime (s): 10.283781624999996
Current score: -1175.5277488433494
NNI Iter: 3
Number of trees checked 12
Runtime (s): 10.348610749999999
Current score: -1178.5549617988565
NNI Iter: 4
Number of trees checked 6
Runtime (s): 5.979404000000002
Current score: -1178.4425371327939
NNI Iter: 5
Number of trees checked 8
Runtime (s): 7.4163078329999905
Current score: -1179.0152510854257
NNI Iter: 6
Number of trees checked 8
Runtime (s): 6.8565355839999995
Current score: -1179.0473573290537
NNI Iter: 7
Number of trees checked 2
Runtime (s): 3.3647583329999975
Current score: -1176.5023689635416
NNI Iter: 8
Number of trees checked 10
Runtime (s): 9.869967583000005
Current score: -1176.5880146910981
NNI Iter: 9
Number of trees checked 6
Runtime (s): 5.682245625000007
Current score: -1176.5030353204188
NNI Iter: 10
Launching LAML version 2.0.0
LAML was called as follows: ../../run_laml2.py -c character_matrix.csv -t starting.tree -p priors.csv -o LAML2_example2 --nInitials 1 --randomreps 1 --topology_search -v --timescale 10 --readout_model PMMN
Setup finished. Beginning computation...
No polytomy detected.
Starting topology search
Running topology search sequentially...
Performing nni-search 1
Perform nni moves for full topology search
Initial score: -1171.2495522897207
NNI Iter: 0
Number of trees checked 8
Runtime (s): 7.044563375000003
Current score: -1173.0619858130794
NNI Iter: 1
Number of trees checked 2
Runtime (s): 3.1992841249999984
Current score: -1171.2495522731513
NNI Iter: 2
Number of trees checked 36
Runtime (s): 27.608435125
Current score: -1171.0815944309757
NNI Iter: 3
Number of trees checked 6
Runtime (s): 6.896653791000006
Current score: -1171.2119080425182
NNI Iter: 4
Number of trees checked 22
Runtime (s): 16.509631209000005
Current score: -1172.038434149387
NNI Iter: 5
Number of trees checked 30
Runtime (s): 21.491825750000004
Current score: -1171.2119071719317
NNI Iter: 6
Number of trees checked 28
Runtime (s): 20.598304333
Current score: -1172.0384341481047
NNI Iter: 7
Number of trees checked 20
Runtime (s): 18.488705124999996
Current score: -1172.1240820095575
NNI Iter: 8
Number of trees checked 8
Runtime (s): 6.736722499999985
Current score: -1172.1973267077633
NNI Iter: 9
Number of trees checked 34
Runtime (s): 28.405549084
Current score: -1172.7999350211394
NNI Iter: 10
Number of trees checked 4
Runtime (s): 5.185043624999992
Current score: -1172.1973494568217
NNI Iter: 11
Number of trees checked 16
Runtime (s): 11.660628124999988
Current score: -1172.1117017756621
NNI Iter: 12
Number of trees checked 32
Runtime (s): 24.75599383299999
Current score: -1172.181813333462
NNI Iter: 13
Number of trees checked 6
Runtime (s): 6.478835167
Current score: -1172.111701665249
NNI Iter: 14
Number of trees checked 54
Runtime (s): 35.82364158300001
Current score: -1172.0896395472316
NNI Iter: 15
Number of trees checked 12
Runtime (s): 9.990866499999981
Current score: -1172.0938107882785
NNI Iter: 16
Number of trees checked 16
Runtime (s): 12.103097415999969
Current score: -1172.038464540555
NNI Iter: 17
Number of trees checked 8
Runtime (s): 8.964064874999963
Current score: -1172.1241125841007
NNI Iter: 18
Number of trees checked 62
Runtime (s): 43.71775087499998
Current score: -1172.1241126082937
NNI Iter: 19
Number of trees checked 50
Runtime (s): 34.57520637499999
Current score: -1171.2975832919853
NNI Iter: 20
Number of trees checked 94
Runtime (s): 65.81270391700002
Current score: -1171.1893323582294
NNI Iter: 21
Number of trees checked 2
Runtime (s): 3.957899291999979
Current score: -1171.173796064616
NNI Iter: 22
Number of trees checked 44
Runtime (s): 31.318018957999982
Current score: -1171.1492686777053
NNI Iter: 23
Number of trees checked 60
Runtime (s): 43.061464624999985
Current score: -1171.0791569592884
NNI Iter: 24
Number of trees checked 52
Runtime (s): 35.550932291000095
Current score: -1168.877511836356
NNI Iter: 25
Number of trees checked 124
Runtime (s): 83.83154637500002
None of the NNI neighbor trees was accepted. Stop NNI search
Best score for this search: -1168.877511836356
Optimal topology found. Re-optimizing other parameters ...
Optimal score for this search: -1168.8678875030064
Tree height pre-scaling: 1.0679998089360487, input timescale: 10
Tree height after scaling: 9.999999999999998
Runtime (s): 696.566322
