Traceback (most recent call last):
  File "/n/fs/ragr-research/projects/laml_experiments/LAML/examples/example7/../../run_laml2.py", line 267, in <module>
    main()
  File "/n/fs/ragr-research/projects/laml_experiments/LAML/examples/example7/../../run_laml2.py", line 197, in main
    nllh = mySolver.optimize('EM',initials=args["nInitials"],fixed_params=fixed_params,verbose=args["verbose"],random_seeds=random_seeds,ultra_constr=True,fixed_brlen=fixed_brlen)
  File "/n/fs/ragr-research/projects/laml_experiments/LAML/laml_libs/Count_model/Base_model.py", line 425, in optimize
    nllh,status = self.EM_optimization(randseed,verbose=verbose,fixed_params=fixed_params,ultra_constr=ultra_constr,EM_options=EM_options)
  File "/n/fs/ragr-research/projects/laml_experiments/LAML/laml_libs/Count_model/Base_model.py", line 641, in EM_optimization
    ultra_constr_cache = self.ultrametric_constr(local_brlen_opt=True) #####*****##### 
  File "/n/fs/ragr-research/projects/laml_experiments/LAML/laml_libs/Count_model/Base_model.py", line 165, in ultrametric_constr
    m = tuple(x-y for (x,y) in zip(self.trees[0].root.constraint,tree.root.constraint))
AttributeError: 'Node' object has no attribute 'constraint'
Launching LAML version 2.0.0
LAML was called as follows: ../../run_laml2.py -c example_small_alleletable.json -t starting.tree -p uniform -o LAML2_example8 --nInitials 1 --timescale 10 -v --readout_model PMMC
Setup finished. Beginning computation...
Optimizing branch lengths and other numerical parameters without topology search
Optimization start with 1 initials
Initial point 1. Random seed: 2803
Initial parameter values: mu=6.61683960474136 nu=0.6421758489077816 phi=0.10410791995437574 rho=0.7679636203633011 
Initial nllh: 444.22823234762086
