Launching LAML version 0.0.4
LAML was called as follows: ../../run_laml.py -c character_matrix.csv -t starting.tree -p priors.csv -o example1 --nInitials 1 --timescale 10
JAX version: 0.4.30
Using JAX backend with [CpuDevice(id=0)] devices.
Using device TFRT_CPU_0 for computation.
Optimizing branch lengths, phi, and nu without topology search
Optimization by EM algorithm
Initial point 1. Random seed: 6419
Numerical optimization started with ultrametric constraint (default)
Initial phi: 0.3908897870706272. Initial nu: 0.9121824618993951. Initial nllh: 48466.70634876039
EM finished after 58 iterations.
Optimal phi: 0.1437593638963162. Optimal nu: 0.1336939332656649. Optimal nllh: 6987.352264090075
Optimal point found for initial point 1
Numerical optimization finished successfully
Tree height pre-scaling: 1.034076059729034, input timescale: 10
Tree height after scaling: 10.000000000000002, mutation rate: 0.1034076059729034
Runtime (s): 26.318276708
Launching LAML version 0.0.4
LAML was called as follows: ../../run_laml.py -c character_matrix.csv -t starting.tree -p priors.csv -o example1 --nInitials 1 --timescale 10
JAX version: 0.4.30
Using JAX backend with [CpuDevice(id=0)] devices.
Using device TFRT_CPU_0 for computation.
Launching LAML version 0.0.4
LAML was called as follows: ../../run_laml.py -c character_matrix.csv -t starting.tree -p priors.csv -o example1 --nInitials 1 --timescale 10
JAX version: 0.4.30
Using JAX backend with [CpuDevice(id=0)] devices.
Using device TFRT_CPU_0 for computation.
Launching LAML version 0.0.4
LAML was called as follows: ../../run_laml.py -c character_matrix.csv -t starting.tree -p priors.csv -o example1 --nInitials 1 --timescale 10
JAX version: 0.4.30
Using JAX backend with [CpuDevice(id=0)] devices.
Using device TFRT_CPU_0 for computation.
Optimizing branch lengths, phi, and nu without topology search
Optimization by EM algorithm
Initial point 1. Random seed: 2880
Numerical optimization started with ultrametric constraint (default)
Initial phi: 0.3901021272422448. Initial nu: 0.08159368782030557. Initial nllh: 20650.919914885846
Warning: EM failed to optimize parameters in one Mstep.
EM finished after 41 iterations.
Optimal phi: 0.14374581963006958. Optimal nu: 0.13373117423178446. Optimal nllh: 6987.352552694027
Optimal point found for initial point 1
Numerical optimization finished successfully
Tree height pre-scaling: 1.0340138290615524, input timescale: 10
Tree height after scaling: 9.999999999999998, mutation rate: 0.10340138290615523
Launching LAML version 0.0.4
LAML was called as follows: ../../run_laml.py -c character_matrix.csv -t starting.tree -p priors.csv -o example1 --nInitials 1 --timescale 10
JAX version: 0.4.30
Using JAX backend with [CpuDevice(id=0)] devices.
Using device TFRT_CPU_0 for computation.
No duplicates, 250 unique sequences remain.
Launching LAML version 0.0.4
LAML was called as follows: ../../run_laml.py -c character_matrix.csv -t starting.tree -p priors.csv -o example1 --nInitials 1 --timescale 10
JAX version: 0.4.30
Using JAX backend with [CpuDevice(id=0)] devices.
Using device TFRT_CPU_0 for computation.
No duplicates, 250 unique sequences remain.
Optimizing branch lengths, phi, and nu without topology search
Optimization by EM algorithm
Initial point 1. Random seed: 192
Numerical optimization started with ultrametric constraint (default)
Initial phi: 0.5722583859380793. Initial nu: 0.45715445415922534. Initial nllh: 34714.60542008638
EM finished after 52 iterations.
Optimal phi: 0.14375137514443653. Optimal nu: 0.13371702580157974. Optimal nllh: 6987.3522591881465
Optimal point found for initial point 1
Numerical optimization finished successfully
Tree height pre-scaling: 1.0340502423536087, input timescale: 10
Tree height after scaling: 10.0, mutation rate: 0.10340502423536087
Runtime (s): 23.124238540999997
